2024-02-02 10:10:10,369 - INFO - ('Michael Wilson', 'Headphones', 1)
2024-02-02 10:10:10,370 - INFO - ('Emily Garcia', 'Blue Shirt', 2)
2024-02-02 10:10:20,429 - INFO - ('Alice Smith', 'Order Accepted', 'Blue Shirt', 2024)
2024-02-02 10:10:20,429 - INFO - ('Eva Davis', 'Order Packed', 'Red Dress', 2024)
2024-02-02 10:10:20,429 - INFO - ('Eva Davis', 'Out for Delivery', 'Tablet', 2024)
2024-02-02 10:10:20,429 - INFO - ('Michael Wilson', 'Delivered', 'Headphones', 2024)
2024-02-02 10:10:20,429 - INFO - ('Sophia Brown', 'Cancelled', 'Camera', 2024)
2024-02-02 10:10:20,429 - INFO - ('Alice Smith', 'Returned', 'Coffee Maker', 2024)
2024-02-02 10:10:20,429 - INFO - ('Eva Davis', 'On Hold', 'Blender', 2024)
2024-02-02 10:10:20,430 - INFO - ('Daniel Taylor', 'Order Accepted', 'Toaster', 2024)
2024-02-02 10:10:20,432 - INFO - ('Olivia Martin', 'Order Packed', 'Microwave', 2024)
2024-02-02 10:10:20,432 - INFO - ('James Anderson', 'Out for Delivery', 'Electric Kettle', 2024)
2024-02-02 10:10:20,432 - INFO - ('Emily Garcia', 'Delivered', 'Blue Shirt', 2024)
2024-02-02 10:10:20,432 - INFO - ('William White', 'Cancelled', 'Black Jeans', 2024)
2024-02-02 10:10:20,432 - INFO - ('Ava Jones', 'Returned', 'White Sneakers', 2024)
2024-02-02 10:10:20,432 - INFO - ('Benjamin Moore', 'On Hold', 'Red Dress', 2024)
2024-02-02 10:10:20,432 - INFO - ('Mia Davis', 'Order Accepted', 'Gray Sweater', 2024)
2024-02-02 10:10:20,432 - INFO - ('Ethan Martinez', 'Order Packed', 'Blue Shirt', 2024)
2024-02-02 10:10:20,432 - INFO - ('Emma Brown', 'Out for Delivery', 'Black Jeans', 2024)
2024-02-02 10:10:20,432 - INFO - ('Emily Garcia', 'Delivered', 'Blue Shirt', 2024)
2024-02-02 10:10:20,432 - INFO - ('Olivia Martin', 'Cancelled', 'Microwave', 2024)
2024-02-02 10:10:47,162 - INFO - (1, datetime.date(2024, 1, 6), 2.0)
2024-02-02 10:10:47,162 - INFO - (1, datetime.date(2024, 1, 11), 4.0)
2024-02-02 10:10:47,162 - INFO - (1, datetime.date(2024, 1, 8), 3.0)
2024-02-02 10:10:50,912 - INFO - (9, 'Headphones')
2024-02-02 10:10:50,912 - INFO - (16, 'Blue Shirt')
2024-02-02 10:11:20,698 - INFO - ('Michael Wilson', 'Headphones', 1)
2024-02-02 10:11:20,699 - INFO - ('Emily Garcia', 'Blue Shirt', 2)
