2023-12-15 00:06:14,441 - ERROR - AttributeError: 'Status' object has no attribute 'cid'
2023-12-15 00:14:13,555 - INFO - Query executed successfully: INSERT INTO Status (status_id, status_name) VALUES (%s, %s)
2023-12-15 00:14:43,568 - INFO - Query executed successfully: INSERT INTO Status (status_id, status_name) VALUES (%s, %s)
2023-12-15 00:15:20,111 - INFO - Query executed successfully: INSERT INTO Status (status_id, status_name) VALUES (%s, %s)
2023-12-15 00:15:46,200 - INFO - Query executed successfully: INSERT INTO Status (status_id, status_name) VALUES (%s, %s)
2023-12-15 00:16:04,974 - INFO - Query executed successfully: INSERT INTO Status (status_id, status_name) VALUES (%s, %s)
2023-12-15 00:16:58,540 - ERROR - Error in update_employee_salary: 'StatusDao' object has no attribute 'update_cusotmer'
2023-12-15 00:23:24,111 - ERROR - Error executing query: UPDATE status SET status_name = %s, WHERE status_id= %s
Error: 1064 (42000): You have an error in your SQL syntax; check the manual that corresponds to your MySQL server version for the right syntax to use near 'WHERE status_id= 5' at line 1
2023-12-15 00:32:34,420 - INFO - Query executed successfully: UPDATE status SET status_name = %s WHERE status_id= %s
2023-12-15 00:39:37,487 - ERROR - Error executing query: DELETE FROM customer WHERE status = %s
Error: 1054 (42S22): Unknown column 'status' in 'where clause'
2023-12-15 00:42:18,100 - ERROR - Error executing query: DELETE FROM customer WHERE status_id = %s
Error: 1054 (42S22): Unknown column 'status_id' in 'where clause'
2023-12-15 00:43:47,922 - INFO - Query executed successfully: DELETE FROM status WHERE status_id = %s
2023-12-15 00:44:27,457 - INFO - (1, 'On the way')
2023-12-15 00:44:27,468 - INFO - (2, 'Delivered')
2023-12-15 00:44:27,468 - INFO - (3, 'Dispacthed')
2023-12-15 00:44:27,468 - INFO - (4, 'Collected by the delivery')
2023-12-15 00:46:09,044 - INFO - Query executed successfully: INSERT INTO Status (status_id, status_name) VALUES (%s, %s)
2023-12-20 07:54:14,807 - INFO - (1, 'Placed', 1)
2023-12-20 07:54:14,899 - INFO - (2, 'Placed', 6)
2023-12-20 08:09:24,245 - INFO - Query executed successfully: INSERT INTO Status (status_id, status_name,odid) VALUES (%s, %s,%s)
2023-12-20 08:11:44,427 - INFO - Query executed successfully: INSERT INTO Status (status_id, status_name,odid) VALUES (%s, %s,%s)
