2023-12-20 14:34:01,922 - INFO - ('Sammer', 'Laptop', 'Delivered', 1)
2023-12-20 14:34:01,923 - INFO - ('Sammer', 'Laptop', 'Delivered', 6)
2023-12-20 17:57:15,053 - INFO - ('Sammer', 'Laptop', 'Delivered', 1)
2023-12-20 17:57:15,055 - INFO - ('Sammer', 'Laptop', 'Delivered', 6)
2023-12-20 17:57:15,055 - INFO - ('Sammer', 'Laptop', 'Delivered', 2)
2023-12-20 17:57:15,055 - INFO - ('Sammer', 'Cooker', 'Delivered', 57)
2023-12-20 17:57:15,055 - INFO - ('Sammer', 'Laptop', 'Delivered', 1)
2023-12-20 17:57:15,057 - INFO - ('Sammer', 'Laptop', 'Delivered', 6)
2023-12-20 17:57:15,057 - INFO - ('Rajesh', 'Laptop', 'Delivered', 58)
2023-12-21 10:47:06,312 - INFO - ('Sammer', 'Laptop', 'Delivered', 1)
2023-12-21 10:47:06,312 - INFO - ('Sammer', 'Laptop', 'Delivered', 6)
2023-12-21 10:47:06,313 - INFO - ('Sammer', 'Laptop', 'Delivered', 2)
2023-12-21 10:47:06,313 - INFO - ('Sammer', 'Cooker', 'Delivered', 57)
2023-12-21 10:47:06,314 - INFO - ('Sammer', 'Laptop', 'Delivered', 1)
2023-12-21 10:47:06,314 - INFO - ('Sammer', 'Laptop', 'Delivered', 6)
2023-12-21 10:47:06,314 - INFO - ('Rajesh', 'Laptop', 'Delivered', 58)
2023-12-21 12:34:42,375 - INFO - ('Sammer', 'Laptop', 'Delivered', 1)
2023-12-21 12:34:42,473 - INFO - ('Sammer', 'Laptop', 'Delivered', 6)
2023-12-21 12:34:42,473 - INFO - ('Sammer', 'Laptop', 'Delivered', 2)
2023-12-21 12:34:42,473 - INFO - ('Sammer', 'Cooker', 'Delivered', 57)
2023-12-21 12:34:42,473 - INFO - ('Sammer', 'Laptop', 'Delivered', 1)
2023-12-21 12:34:42,473 - INFO - ('Sammer', 'Laptop', 'Delivered', 6)
2023-12-21 12:34:42,474 - INFO - ('Rajesh', 'Laptop', 'Delivered', 58)
2023-12-21 12:34:42,474 - INFO - ('Sammer', 'Laptop', 'Delivered', 2)
2023-12-21 12:34:42,474 - INFO - ('Sammer', 'Cooker', 'Delivered', 57)
2023-12-21 12:34:42,474 - INFO - ('Sammer', 'Laptop', 'Delivered', 1)
2023-12-21 12:34:42,474 - INFO - ('Sammer', 'Laptop', 'Delivered', 6)
2023-12-21 12:34:42,474 - INFO - ('Rajesh', 'Laptop', 'Delivered', 58)
2023-12-21 12:34:42,474 - INFO - ('Sammer', 'Cooker', 'Delivered', 57)
2023-12-21 12:34:42,475 - INFO - ('bobjohnson', 'Laptop', 'Delivered', 60)
2023-12-21 12:38:50,661 - INFO - ('Sammer', 'Laptop', 'Delivered', 1)
2023-12-21 12:38:50,661 - INFO - ('Sammer', 'Laptop', 'Delivered', 6)
2023-12-21 12:38:50,662 - INFO - ('Sammer', 'Laptop', 'Delivered', 2)
2023-12-21 12:38:50,662 - INFO - ('Sammer', 'Cooker', 'Delivered', 57)
2023-12-21 12:38:50,662 - INFO - ('Sammer', 'Laptop', 'Delivered', 1)
2023-12-21 12:38:50,662 - INFO - ('Sammer', 'Laptop', 'Delivered', 6)
2023-12-21 12:38:50,662 - INFO - ('Rajesh', 'Laptop', 'Delivered', 58)
2023-12-21 12:38:50,662 - INFO - ('Sammer', 'Laptop', 'Delivered', 2)
2023-12-21 12:38:50,662 - INFO - ('Sammer', 'Cooker', 'Delivered', 57)
2023-12-21 12:38:50,662 - INFO - ('Sammer', 'Laptop', 'Delivered', 1)
2023-12-21 12:38:50,662 - INFO - ('Sammer', 'Laptop', 'Delivered', 6)
2023-12-21 12:38:50,663 - INFO - ('Rajesh', 'Laptop', 'Delivered', 58)
2023-12-21 12:38:50,663 - INFO - ('Sammer', 'Cooker', 'Delivered', 57)
2023-12-21 12:38:50,663 - INFO - ('bobjohnson', 'Laptop', 'Delivered', 60)
2023-12-21 14:30:08,792 - INFO - ('Sammer', 'Laptop', 8)
2023-12-21 14:30:08,812 - INFO - ('Sammer', 'Cooker', 3)
2023-12-21 14:30:08,812 - INFO - ('Rajesh', 'Laptop', 2)
2023-12-21 14:30:08,812 - INFO - ('bobjohnson', 'Laptop', 1)
2023-12-21 14:44:54,313 - INFO - ('Sammer', 'Laptop', 8)
2023-12-21 14:44:54,330 - INFO - ('Sammer', 'Cooker', 3)
2023-12-21 14:44:54,331 - INFO - ('Rajesh', 'Laptop', 2)
2023-12-21 14:44:54,331 - INFO - ('bobjohnson', 'Laptop', 1)
2023-12-21 16:11:07,573 - INFO - ('Sammer', 'Laptop', 8)
2023-12-21 16:11:07,602 - INFO - ('Sammer', 'Cooker', 3)
2023-12-21 16:11:07,603 - INFO - ('Rajesh', 'Laptop', 2)
2023-12-21 16:11:07,603 - INFO - ('bobjohnson', 'Laptop', 1)
2023-12-21 16:36:26,733 - INFO - ('Sammer', 'Laptop', 8)
2023-12-21 16:36:26,734 - INFO - ('Sammer', 'Cooker', 3)
2023-12-21 16:36:26,734 - INFO - ('Rajesh', 'Laptop', 2)
2023-12-21 16:36:26,734 - INFO - ('bobjohnson', 'Laptop', 1)
2023-12-21 16:36:26,734 - ERROR - Error in get_all_addresss: __init__() takes 4 positional arguments but 5 were given
2023-12-21 16:37:21,793 - INFO - ('Sammer', 'Laptop', 8)
2023-12-21 16:37:21,793 - INFO - ('Sammer', 'Cooker', 3)
2023-12-21 16:37:21,793 - INFO - ('Rajesh', 'Laptop', 2)
2023-12-21 16:37:21,793 - INFO - ('bobjohnson', 'Laptop', 1)
2023-12-21 18:30:17,905 - INFO - ('Sammer', 'Laptop', 8)
2023-12-21 18:30:17,998 - INFO - ('Sammer', 'Cooker', 3)
2023-12-21 18:30:17,999 - INFO - ('Rajesh', 'Laptop', 2)
2023-12-21 18:30:17,999 - INFO - ('bobjohnson', 'Laptop', 1)
2023-12-23 22:29:19,069 - INFO - ('Sammer', 'Laptop', 8)
2023-12-23 22:29:19,090 - INFO - ('Sammer', 'Cooker', 3)
2023-12-23 22:29:19,090 - INFO - ('Rajesh', 'Laptop', 2)
2023-12-23 22:29:19,090 - INFO - ('bobjohnson', 'Laptop', 1)
2024-01-20 11:05:58,596 - INFO - ('Sammer', 'Laptop', 8)
2024-01-20 11:05:58,681 - INFO - ('Sammer', 'Cooker', 3)
2024-01-20 11:05:58,681 - INFO - ('Rajesh', 'Laptop', 2)
2024-01-20 11:05:58,681 - INFO - ('bobjohnson', 'Laptop', 1)
