2023-12-18 08:00:53,079 - INFO - (1, datetime.date(2023, 12, 15), 45000.0, 'cash')
2023-12-18 08:00:53,080 - INFO - (2, datetime.date(2023, 12, 16), 55000.0, 'credit card')
2023-12-18 11:48:01,542 - INFO - (1, datetime.date(2023, 12, 15), 65000.0, 'cod', 2)
2023-12-18 11:48:01,542 - INFO - (2, datetime.date(2023, 12, 16), 55000.0, 'credit card', 2)
2023-12-18 12:52:07,622 - INFO - (1, datetime.date(2023, 12, 15), 65000.0, 'cod', 2)
2023-12-18 12:52:07,622 - INFO - (2, datetime.date(2023, 12, 16), 55000.0, 'credit card', 2)
2023-12-18 12:55:01,035 - INFO - (1, datetime.date(2023, 12, 15), 65000.0, 'cod', 2)
2023-12-18 12:55:01,036 - INFO - (2, datetime.date(2023, 12, 16), 55000.0, 'credit card', 2)
2023-12-18 12:56:13,150 - INFO - (1, datetime.date(2023, 12, 15), 65000.0, 'cod', 2)
2023-12-18 12:56:13,151 - INFO - (2, datetime.date(2023, 12, 16), 55000.0, 'credit card', 2)
2023-12-18 13:02:42,893 - INFO - (1, datetime.date(2023, 12, 15), 65000.0, 'cod', 2)
2023-12-18 13:02:42,894 - INFO - (2, datetime.date(2023, 12, 16), 55000.0, 'credit card', 2)
2023-12-18 13:02:43,145 - ERROR - Error executing query: Insert into payments(payid,pdate,amount,paymethod) values(%s,%s,%s,%s);
Error: Not all parameters were used in the SQL statement
2023-12-18 13:03:52,113 - INFO - (1, datetime.date(2023, 12, 15), 65000.0, 'cod', 2)
2023-12-18 13:03:52,113 - INFO - (2, datetime.date(2023, 12, 16), 55000.0, 'credit card', 2)
2023-12-18 13:03:52,120 - INFO - Query executed successfully: Insert into payments(payid,oid,pdate,amount,paymethod) values(%s,%s,%s,%s,%s);
2023-12-18 14:05:22,076 - INFO - (1, datetime.date(2023, 12, 15), 65000.0, 'cod', 2)
2023-12-18 14:05:22,090 - INFO - (2, datetime.date(2023, 12, 16), 55000.0, 'credit card', 2)
2023-12-18 14:05:22,090 - INFO - (3, datetime.date(2023, 12, 16), 45000.0, 'cod', 1)
2023-12-18 14:05:22,099 - ERROR - Error executing query: Insert into payments(payid,oid,pdate,amount,paymethod) values(%s,%s,%s,%s,%s);
Error: 1062 (23000): Duplicate entry '3' for key 'payments.PRIMARY'
2023-12-18 14:06:03,477 - INFO - (1, datetime.date(2023, 12, 15), 65000.0, 'cod', 2)
2023-12-18 14:06:03,477 - INFO - (2, datetime.date(2023, 12, 16), 55000.0, 'credit card', 2)
2023-12-18 14:06:03,477 - INFO - (3, datetime.date(2023, 12, 16), 45000.0, 'cod', 1)
2023-12-18 14:06:03,487 - INFO - Query executed successfully: UPDATE payments SET  amount= %s,pdate = %s,paymethod = %s  WHERE payid= %s
2023-12-18 15:07:10,830 - INFO - (1, datetime.date(2023, 12, 15), 65000.0, 'cod', 2)
2023-12-18 15:07:10,832 - INFO - (2, datetime.date(2023, 12, 16), 55000.0, 'credit card', 2)
2023-12-18 15:07:10,832 - INFO - (3, datetime.date(2023, 12, 11), 55000.0, 'upi', 1)
2023-12-18 16:54:35,364 - INFO - (1, datetime.date(2023, 12, 15), 65000.0, 'cod', 2)
2023-12-18 16:54:35,381 - INFO - (2, datetime.date(2023, 12, 16), 55000.0, 'credit card', 2)
2023-12-18 16:54:35,381 - INFO - (3, datetime.date(2023, 12, 11), 55000.0, 'upi', 1)
2023-12-18 16:54:35,385 - ERROR - Error executing query: Insert into payments(payid,oid,pdate,amount,paymethod) values(%s,%s,%s,%s,%s);
Error: 1366 (HY000): Incorrect integer value: 'upi' for column 'oid' at row 1
2023-12-18 16:55:35,916 - INFO - (1, datetime.date(2023, 12, 15), 65000.0, 'cod', 2)
2023-12-18 16:55:35,916 - INFO - (2, datetime.date(2023, 12, 16), 55000.0, 'credit card', 2)
2023-12-18 16:55:35,916 - INFO - (3, datetime.date(2023, 12, 11), 55000.0, 'upi', 1)
2023-12-18 16:55:35,918 - ERROR - Error executing query: Insert into payments(payid,oid,pdate,amount,paymethod) values(%s,%s,%s,%s,%s);
Error: 1292 (22007): Incorrect date value: '1' for column 'pdate' at row 1
2023-12-18 16:59:23,758 - INFO - (1, datetime.date(2023, 12, 15), 65000.0, 'cod', 2)
2023-12-18 16:59:23,758 - INFO - (2, datetime.date(2023, 12, 16), 55000.0, 'credit card', 2)
2023-12-18 16:59:23,758 - INFO - (3, datetime.date(2023, 12, 11), 55000.0, 'upi', 1)
2023-12-18 16:59:23,761 - ERROR - Error executing query: Insert into payments(payid,pdate,amount,paymethod,oid) values(%s,%s,%s,%s,%s);
Error: 1292 (22007): Incorrect date value: '1' for column 'pdate' at row 1
2023-12-18 16:59:46,503 - INFO - (1, datetime.date(2023, 12, 15), 65000.0, 'cod', 2)
2023-12-18 16:59:46,503 - INFO - (2, datetime.date(2023, 12, 16), 55000.0, 'credit card', 2)
2023-12-18 16:59:46,503 - INFO - (3, datetime.date(2023, 12, 11), 55000.0, 'upi', 1)
2023-12-18 16:59:46,504 - ERROR - Error executing query: Insert into payments(payid,pdate,amount,paymethod,oid) values(%s,%s,%s,%s,%s);
Error: 1292 (22007): Incorrect date value: '1' for column 'pdate' at row 1
2023-12-18 17:07:42,610 - INFO - (1, datetime.date(2023, 12, 15), 65000.0, 'cod', 2)
2023-12-18 17:07:42,624 - INFO - (2, datetime.date(2023, 12, 16), 55000.0, 'credit card', 2)
2023-12-18 17:07:42,624 - INFO - (3, datetime.date(2023, 12, 11), 55000.0, 'upi', 1)
2023-12-18 17:07:42,627 - ERROR - Error executing query: Insert into payments(payid,pdate,amount,paymethod,oid) values(%s,%s,%s,%s,%s);
Error: 1292 (22007): Incorrect date value: '1' for column 'pdate' at row 1
2023-12-18 17:09:57,742 - INFO - (1, datetime.date(2023, 12, 15), 65000.0, 'cod', 2)
2023-12-18 17:09:57,742 - INFO - (2, datetime.date(2023, 12, 16), 55000.0, 'credit card', 2)
2023-12-18 17:09:57,742 - INFO - (3, datetime.date(2023, 12, 11), 55000.0, 'upi', 1)
2023-12-18 17:09:57,742 - ERROR - Error executing query: Insert into payments(payid,pdate,amount,paymethod,oid) values(%s,%s,%s,%s,%s);
Error: 1292 (22007): Incorrect date value: '1' for column 'pdate' at row 1
2023-12-18 17:10:08,044 - INFO - (1, datetime.date(2023, 12, 15), 65000.0, 'cod', 2)
2023-12-18 17:10:08,044 - INFO - (2, datetime.date(2023, 12, 16), 55000.0, 'credit card', 2)
2023-12-18 17:10:08,044 - INFO - (3, datetime.date(2023, 12, 11), 55000.0, 'upi', 1)
2023-12-18 17:10:08,044 - ERROR - Error executing query: Insert into payments(payid,pdate,amount,paymethod,oid) values(%s,%s,%s,%s,%s);
Error: 1292 (22007): Incorrect date value: '1' for column 'pdate' at row 1
2023-12-18 17:14:17,286 - INFO - (1, datetime.date(2023, 12, 15), 65000.0, 'cod', 2)
2023-12-18 17:14:17,286 - INFO - (2, datetime.date(2023, 12, 16), 55000.0, 'credit card', 2)
2023-12-18 17:14:17,286 - INFO - (3, datetime.date(2023, 12, 11), 55000.0, 'upi', 1)
2023-12-18 17:14:17,287 - ERROR - Error executing query: Insert into payments(payid,pdate,amount,paymethod,oid) values(%s,%s,%s,%s,%s);
Error: 1292 (22007): Incorrect date value: '1' for column 'pdate' at row 1
2023-12-18 17:14:27,158 - INFO - (1, datetime.date(2023, 12, 15), 65000.0, 'cod', 2)
2023-12-18 17:14:27,158 - INFO - (2, datetime.date(2023, 12, 16), 55000.0, 'credit card', 2)
2023-12-18 17:14:27,158 - INFO - (3, datetime.date(2023, 12, 11), 55000.0, 'upi', 1)
2023-12-18 17:14:27,159 - ERROR - Error executing query: Insert into payments(payid,pdate,amount,paymethod,oid) values(%s,%s,%s,%s,%s);
Error: 1292 (22007): Incorrect date value: '1' for column 'pdate' at row 1
2023-12-18 17:14:40,657 - INFO - (1, datetime.date(2023, 12, 15), 65000.0, 'cod', 2)
2023-12-18 17:14:40,657 - INFO - (2, datetime.date(2023, 12, 16), 55000.0, 'credit card', 2)
2023-12-18 17:14:40,657 - INFO - (3, datetime.date(2023, 12, 11), 55000.0, 'upi', 1)
2023-12-18 17:14:40,660 - ERROR - Error executing query: Insert into payments(payid,pdate,amount,paymethod,oid) values(%s,%s,%s,%s,%s);
Error: 1292 (22007): Incorrect date value: '1' for column 'pdate' at row 1
2023-12-18 17:23:02,364 - INFO - (1, datetime.date(2023, 12, 15), 65000.0, 'cod', 2)
2023-12-18 17:23:02,365 - INFO - (2, datetime.date(2023, 12, 16), 55000.0, 'credit card', 2)
2023-12-18 17:23:02,365 - INFO - (3, datetime.date(2023, 12, 11), 55000.0, 'upi', 1)
2023-12-18 17:23:02,366 - ERROR - Error executing query: Insert into payments(payid,pdate,amount,paymethod,oid) values(%s,%s,%s,%s,%s);
Error: 1292 (22007): Incorrect date value: '1' for column 'pdate' at row 1
2023-12-18 17:29:24,046 - INFO - (1, datetime.date(2023, 12, 15), 65000.0, 'cod', 2)
2023-12-18 17:29:24,046 - INFO - (2, datetime.date(2023, 12, 16), 55000.0, 'credit card', 2)
2023-12-18 17:29:24,046 - INFO - (3, datetime.date(2023, 12, 11), 55000.0, 'upi', 1)
2023-12-18 17:29:24,046 - INFO - (4, datetime.date(2023, 9, 15), 65000.0, 'gpay', 2)
2023-12-18 17:29:24,048 - ERROR - Error executing query: Insert into payments(payid,pdate,amount,paymethod,oid) values(%s,%s,%s,%s,%s);
Error: 1292 (22007): Incorrect date value: '1' for column 'pdate' at row 1
2023-12-18 17:30:59,478 - INFO - (1, datetime.date(2023, 12, 15), 65000.0, 'cod', 2)
2023-12-18 17:30:59,478 - INFO - (2, datetime.date(2023, 12, 16), 55000.0, 'credit card', 2)
2023-12-18 17:30:59,478 - INFO - (3, datetime.date(2023, 12, 11), 55000.0, 'upi', 1)
2023-12-18 17:30:59,478 - INFO - (4, datetime.date(2023, 9, 15), 65000.0, 'gpay', 2)
2023-12-18 17:30:59,480 - ERROR - Error executing query: Insert into payments(payid,pdate,amount,paymethod,oid) values(%s,%s,%s,%s,%s);
Error: 1292 (22007): Incorrect date value: '1' for column 'pdate' at row 1
2023-12-18 17:32:03,523 - INFO - (1, datetime.date(2023, 12, 15), 65000.0, 'cod', 2)
2023-12-18 17:32:03,524 - INFO - (2, datetime.date(2023, 12, 16), 55000.0, 'credit card', 2)
2023-12-18 17:32:03,524 - INFO - (3, datetime.date(2023, 12, 11), 55000.0, 'upi', 1)
2023-12-18 17:32:03,524 - INFO - (4, datetime.date(2023, 9, 15), 65000.0, 'gpay', 2)
2023-12-18 17:32:03,531 - INFO - Query executed successfully: Insert into payments(payid,pdate,amount,paymethod,oid) values(%s,%s,%s,%s,%s);
